[GIN-debug] [WARNING] Creating an Engine instance with the Logger and Recovery middleware already attached.

[GIN-debug] [WARNING] Running in "debug" mode. Switch to "release" mode in production.
 - using env:	export GIN_MODE=release
 - using code:	gin.SetMode(gin.ReleaseMode)

[GIN-debug] GET    /hello/hello              --> GinHello/controller/hello.Hello (3 handlers)
[GIN-debug] POST   /user/insert              --> GinHello/controller.(*UserController).InsertUser-fm (3 handlers)
[GIN-debug] GET    /user/findAll             --> GinHello/controller.(*UserController).GetUserList-fm (3 handlers)
[GIN-debug] GET    /user/getUser/:id         --> GinHello/controller.(*UserController).GetUserById-fm (3 handlers)
[GIN-debug] PUT    /user/update              --> GinHello/controller.(*UserController).UpdateUser-fm (3 handlers)
[GIN-debug] DELETE /user/delete/:id          --> GinHello/controller.(*UserController).DeleteUserById-fm (3 handlers)
[GIN-debug] GET    /comment/goRoutineBatchInsert --> GinHello/controller.(*CommentController).GoBatchInsert-fm (3 handlers)
[GIN-debug] GET    /comment/batchInsert      --> GinHello/controller.(*CommentController).BatchInsert-fm (3 handlers)
[GIN-debug] GET    /q1/q1                    --> github.com/gin-gonic/gin.CustomRecoveryWithWriter.func1 (2 handlers)
[GIN-debug] GET    /mqtt/sub                 --> GinHello/controller.(*MqttController).Subscribe-fm (3 handlers)
[GIN-debug] POST   /mqtt/pub                 --> GinHello/controller.(*MqttController).Produce-fm (3 handlers)
[GIN-debug] [WARNING] You trusted all proxies, this is NOT safe. We recommend you to set a value.
Please check https://pkg.go.dev/github.com/gin-gonic/gin#readme-don-t-trust-all-proxies for details.
[GIN-debug] Listening and serving HTTP on :8081
[GIN] 2022/10/18 - 14:41:27 | 200 |    3.7343834s |       127.0.0.1 | POST     "/mqtt/pub"
[GIN] 2022/10/18 - 15:02:31 | 200 |            0s |       127.0.0.1 | POST     "/mqtt/pub"
